<?xml version="1.0" encoding="UTF-8"?>
<!-- Generated by org.testng.reporters.JUnitReportReporter -->
<testsuite skipped="0" hostname="Hasee-PC" name="testCases.UpdateProfile" tests="1" failures="0" timestamp="05 Jan 2019 10:58:17 GMT" time="22.816" errors="0">
  <testcase name="updateProfile" time="22.816" classname="testCases.UpdateProfile"/>
</testsuite> <!-- testCases.UpdateProfile -->
