<?xml version="1.0" encoding="UTF-8"?>
<!-- Generated by org.testng.reporters.JUnitReportReporter -->
<testsuite skipped="0" hostname="Hasee-PC" name="testCases.LoginTestCase" tests="1" failures="0" timestamp="10 Jan 2019 17:08:41 GMT" time="20.482" errors="0">
  <testcase name="login" time="20.482" classname="testCases.LoginTestCase"/>
</testsuite> <!-- testCases.LoginTestCase -->
